<?xml version="1.0" encoding="UTF-8"?>
<!-- Generated by org.testng.reporters.JUnitXMLReporter -->
<testsuite ignored="2" hostname="Sreerams-MacBook-Pro.local" failures="0" tests="1" name="Error validations" time="12.729" errors="0" timestamp="2024-04-11T17:19:47 IST">
  <testcase classname="com.tests.Errorvalidations" name="blankerrorvalidation" time="1.544"/>
  <testcase classname="com.tests.Errorvalidations" name="emailerrorvalidation" time="0.0">
    <ignored/>
  </testcase> <!-- emailerrorvalidation -->
  <testcase classname="com.tests.Errorvalidations" name="testing" time="0.0">
    <ignored/>
  </testcase> <!-- testing -->
</testsuite> <!-- Error validations -->
