<?xml version="1.0" encoding="UTF-8"?>
<!-- Generated by org.testng.reporters.JUnitXMLReporter -->
<testsuite ignored="2" hostname="Sreerams-MacBook-Pro.local" failures="0" tests="0" name="Landing page Test" time="2.582" errors="0" timestamp="2024-04-19T06:46:07 IST">
  <testcase classname="com.tests.LandingpageTest" name="loginsuccessvalidation" time="0.0">
    <ignored/>
  </testcase> <!-- loginsuccessvalidation -->
  <testcase classname="com.tests.LandingpageTest" name="Hashmaptest" time="0.0">
    <ignored/>
  </testcase> <!-- Hashmaptest -->
</testsuite> <!-- Landing page Test -->
