<?xml version="1.0" encoding="UTF-8"?>
<testng-results ignored="0" total="0" passed="0" failed="0" skipped="0">
  <reporter-output>
  </reporter-output>
  <suite started-at="2024-04-19T06:46:07 IST" name="Suite" finished-at="2024-04-19T06:46:07 IST" duration-ms="0">
    <groups>
      <group name="sanity">
        <method signature="LandingpageTest.arraylistcheck()[pri:0, instance:com.tests.LandingpageTest@15b204a1]" name="arraylistcheck" class="com.tests.LandingpageTest"/>
      </group> <!-- sanity -->
    </groups>
  </suite> <!-- Suite -->
</testng-results>
