<?xml version="1.0" encoding="UTF-8"?>
<testng-results ignored="0" total="1" passed="1" failed="0" skipped="0">
  <reporter-output>
  </reporter-output>
  <suite started-at="2024-04-18T13:48:12 IST" name="Default suite" finished-at="2024-04-18T13:48:22 IST" duration-ms="10656">
    <groups>
    </groups>
    <test started-at="2024-04-18T13:48:12 IST" name="Default test" finished-at="2024-04-18T13:48:22 IST" duration-ms="10656">
      <class name="com.tests.ErrorvalidationsTest">
        <test-method is-config="true" signature="launchapplication()[pri:0, instance:com.tests.ErrorvalidationsTest@3427b02d]" started-at="2024-04-18T13:48:12 IST" name="launchapplication" finished-at="2024-04-18T13:48:20 IST" duration-ms="8583" status="PASS">
          <reporter-output>
          </reporter-output>
        </test-method> <!-- launchapplication -->
        <test-method signature="InvalidEmailFormat()[pri:1, instance:com.tests.ErrorvalidationsTest@3427b02d]" started-at="2024-04-18T13:48:20 IST" name="InvalidEmailFormat" finished-at="2024-04-18T13:48:22 IST" duration-ms="1907" status="PASS">
          <reporter-output>
          </reporter-output>
        </test-method> <!-- InvalidEmailFormat -->
        <test-method is-config="true" signature="tearDown()[pri:0, instance:com.tests.ErrorvalidationsTest@3427b02d]" started-at="2024-04-18T13:48:22 IST" name="tearDown" finished-at="2024-04-18T13:48:22 IST" duration-ms="140" status="PASS">
          <reporter-output>
          </reporter-output>
        </test-method> <!-- tearDown -->
      </class> <!-- com.tests.ErrorvalidationsTest -->
    </test> <!-- Default test -->
  </suite> <!-- Default suite -->
</testng-results>
